<?xml version="1.0" encoding="UTF-8"?>
<!-- Generated by org.testng.reporters.JUnitReportReporter -->
<testsuite skipped="0" hostname="ShashankSharma-PC" name="com.test.frameworks.AutomationFrameworkProject.tests.AppTest" tests="1" failures="0" timestamp="28 Oct 2017 16:11:33 GMT" time="0.000" errors="0">
  <testcase name="testApp" time="0.000" classname="com.test.frameworks.AutomationFrameworkProject.tests.AppTest"/>
</testsuite> <!-- com.test.frameworks.AutomationFrameworkProject.tests.AppTest -->
