<?xml version="1.0" encoding="UTF-8"?>
<!-- Generated by org.testng.reporters.JUnitReportReporter -->
<testsuite skipped="0" hostname="ShashankSharma-PC" name="com.test.frameworks.talentCentralAutomationProject.tests.TestAdminLoginPage" tests="1" failures="0" timestamp="28 Oct 2017 16:05:54 GMT" time="14.475" errors="0">
  <testcase name="testAdminLogin" time="14.475" classname="com.test.frameworks.talentCentralAutomationProject.tests.TestAdminLoginPage"/>
</testsuite> <!-- com.test.frameworks.talentCentralAutomationProject.tests.TestAdminLoginPage -->
