<?xml version="1.0" encoding="UTF-8"?>
<!-- Generated by org.testng.reporters.JUnitReportReporter -->
<testsuite skipped="0" hostname="ShashankSharma-PC" name="com.test.frameworks.AutomationFrameworkProject.tests.TestAdminLoginPage" tests="1" failures="0" timestamp="28 Oct 2017 17:34:23 GMT" time="35.655" errors="0">
  <testcase name="testAdminLogin" time="35.655" classname="com.test.frameworks.AutomationFrameworkProject.tests.TestAdminLoginPage"/>
</testsuite> <!-- com.test.frameworks.AutomationFrameworkProject.tests.TestAdminLoginPage -->
